La génération a démarré 13/02/2016 19:18:45.
     1>Projet "c:\Users\Nicolas\documents\visual studio 2013\Projects\AppSMA\AppSMA\AppSMA.vcxproj" sur le nœud 2 (Build cible(s)).
     1>ClCompile:
         C:\Program Files (x86)\Microsoft Visual Studio 12.0\VC\bin\CL.exe /c /ZI /nologo /W3 /WX- /sdl /Od /Oy- /D WIN32 /D _DEBUG /D _CONSOLE /D _LIB /D _UNICODE /D UNICODE /Gm /EHsc /RTC1 /MDd /GS /fp:precise /Zc:wchar_t /Zc:forScope /Yu"stdafx.h" /Fp"Debug\AppSMA.pch" /Fo"Debug\\" /Fd"Debug\vc120.pdb" /Gd /TP /analyze- /errorReport:prompt "..\..\..\..\ISIMA\ZZ2\TP\tp_simu\tp6\Partie 2\git_sma\map.cpp"
         map.cpp
     1>c:\users\nicolas\documents\isima\zz2\tp\tp_simu\tp6\partie 2\git_sma\map.cpp(75): warning C4244: '=' : conversion de 'double' en 'int', perte possible de données
     1>c:\users\nicolas\documents\isima\zz2\tp\tp_simu\tp6\partie 2\git_sma\map.cpp(87): warning C4244: '=' : conversion de 'double' en 'int', perte possible de données
       Link:
         C:\Program Files (x86)\Microsoft Visual Studio 12.0\VC\bin\link.exe /ERRORREPORT:PROMPT /OUT:"c:\users\nicolas\documents\visual studio 2013\Projects\AppSMA\Debug\AppSMA.exe" /INCREMENTAL /NOLOGO kernel32.lib user32.lib gdi32.lib winspool.lib comdlg32.lib advapi32.lib shell32.lib ole32.lib oleaut32.lib uuid.lib odbc32.lib odbccp32.lib /MANIFEST /MANIFESTUAC:"level='asInvoker' uiAccess='false'" /manifest:embed /DEBUG /PDB:"c:\users\nicolas\documents\visual studio 2013\Projects\AppSMA\Debug\AppSMA.pdb" /SUBSYSTEM:CONSOLE /TLBID:1 /DYNAMICBASE /NXCOMPAT /IMPLIB:"c:\users\nicolas\documents\visual studio 2013\Projects\AppSMA\Debug\AppSMA.lib" /MACHINE:X86 Debug\agent.obj
         Debug\building.obj
         Debug\game.obj
         Debug\map.obj
         Debug\position.obj
         Debug\unit.obj
         Debug\AppSMA.obj
         Debug\stdafx.obj
         AppSMA.vcxproj -> c:\users\nicolas\documents\visual studio 2013\Projects\AppSMA\Debug\AppSMA.exe
     1>Génération du projet "c:\Users\Nicolas\documents\visual studio 2013\Projects\AppSMA\AppSMA\AppSMA.vcxproj" terminée (Build cible(s)).

La génération a réussi.

Temps écoulé 00:00:00.43
